--2019-04-30 19:20:02--  ftp://bks-speedtest-1.tele2.net/2MB.zip
           => ‘/dev/null’
Resolving bks-speedtest-1.tele2.net (bks-speedtest-1.tele2.net)... 90.130.74.113, 2a00:800:1010:9::2
Connecting to bks-speedtest-1.tele2.net (bks-speedtest-1.tele2.net)|90.130.74.113|:21... connected.
Logging in as anonymous ... Logged in!
==> SYST ... done.    ==> PWD ... done.
==> TYPE I ... done.  ==> CWD not needed.
==> SIZE 2MB.zip ... 2097152
==> PASV ... done.    ==> RETR 2MB.zip ... done.
Length: 2097152 (2.0M) (unauthoritative)

     0K .......... .......... .......... .......... ..........  2%  449K 4s
    50K .......... .......... .......... .......... ..........  4%  914K 3s
   100K .......... .......... .......... .......... ..........  7% 41.5M 2s
   150K .......... .......... .......... .......... ..........  9% 14.1M 2s
   200K .......... .......... .......... .......... .......... 12%  973K 2s
   250K .......... .......... .......... .......... .......... 14% 66.8M 1s
   300K .......... .......... .......... .......... .......... 17%  129M 1s
   350K .......... .......... .......... .......... .......... 19% 87.9M 1s
   400K .......... .......... .......... .......... .......... 21%  955K 1s
   450K .......... .......... .......... .......... .......... 24% 52.1M 1s
   500K .......... .......... .......... .......... .......... 26% 59.8M 1s
   550K .......... .......... .......... .......... .......... 29%  141M 1s
   600K .......... .......... .......... .......... .......... 31%  118M 1s
   650K .......... .......... .......... .......... .......... 34% 86.8M 1s
   700K .......... .......... .......... .......... .......... 36%  162M 0s
   750K .......... .......... .......... .......... .......... 39%  135M 0s
   800K .......... .......... .......... .......... .......... 41% 19.3M 0s
   850K .......... .......... .......... .......... .......... 43% 1.00M 0s
   900K .......... .......... .......... .......... .......... 46% 88.5M 0s
   950K .......... .......... .......... .......... .......... 48% 41.7M 0s
  1000K .......... .......... .......... .......... .......... 51%  117M 0s
  1050K .......... .......... .......... .......... .......... 53%  147M 0s
  1100K .......... .......... .......... .......... .......... 56%  138M 0s
  1150K .......... .......... .......... .......... .......... 58% 82.9M 0s
  1200K .......... .......... .......... .......... .......... 61%  138M 0s
  1250K .......... .......... .......... .......... .......... 63%  138M 0s
  1300K .......... .......... .......... .......... .......... 65% 78.6M 0s
  1350K .......... .......... .......... .......... .......... 68%  162M 0s
  1400K .......... .......... .......... .......... .......... 70%  144M 0s
  1450K .......... .......... .......... .......... .......... 73% 80.4M 0s
  1500K .......... .......... .......... .......... .......... 75%  137M 0s
  1550K .......... .......... .......... .......... .......... 78%  143M 0s
  1600K .......... .......... .......... .......... .......... 80% 65.9M 0s
  1650K .......... .......... .......... .......... .......... 83%  189M 0s
  1700K .......... .......... .......... .......... .......... 85%  150M 0s
  1750K .......... .......... .......... .......... .......... 87% 1.04M 0s
  1800K .......... .......... .......... .......... .......... 90% 55.6M 0s
  1850K .......... .......... .......... .......... .......... 92%  126M 0s
  1900K .......... .......... .......... .......... .......... 95% 81.9M 0s
  1950K .......... .......... .......... .......... .......... 97%  136M 0s
  2000K .......... .......... .......... .......... ........  100%  140M=0.4s

2019-04-30 19:20:03 (5.15 MB/s) - ‘/dev/null’ saved [2097152]

--2019-04-30 19:20:03--  ftp://bks-speedtest-1.tele2.net/2MB.zip
           => ‘/dev/null’
Resolving bks-speedtest-1.tele2.net (bks-speedtest-1.tele2.net)... 90.130.74.113, 2a00:800:1010:9::2
Connecting to bks-speedtest-1.tele2.net (bks-speedtest-1.tele2.net)|90.130.74.113|:21... connected.
Logging in as anonymous ... Logged in!
==> SYST ... done.    ==> PWD ... done.
==> TYPE I ... done.  ==> CWD not needed.
==> SIZE 2MB.zip ... 2097152
==> PASV ... done.    ==> RETR 2MB.zip ... done.
Length: 2097152 (2.0M) (unauthoritative)

     0K .......... .......... .......... .......... ..........  2%  443K 5s
    50K .......... .......... .......... .......... ..........  4%  927K 3s
   100K .......... .......... .......... .......... ..........  7% 44.7M 2s
   150K .......... .......... .......... .......... ..........  9% 73.3M 2s
   200K .......... .......... .......... .......... .......... 12%  937K 2s
   250K .......... .......... .......... .......... .......... 14% 56.8M 1s
   300K .......... .......... .......... .......... .......... 17%  127M 1s
   350K .......... .......... .......... .......... .......... 19% 82.8M 1s
   400K .......... .......... .......... .......... .......... 21%  972K 1s
   450K .......... .......... .......... .......... .......... 24% 64.0M 1s
   500K .......... .......... .......... .......... .......... 26% 45.6M 1s
   550K .......... .......... .......... .......... .......... 29%  131M 1s
   600K .......... .......... .......... .......... .......... 31%  136M 1s
   650K .......... .......... .......... .......... .......... 34% 88.2M 1s
   700K .......... .......... .......... .......... .......... 36%  145M 0s
   750K .......... .......... .......... .......... .......... 39%  144M 0s
   800K .......... .......... .......... .......... .......... 41% 83.3M 0s
   850K .......... .......... .......... .......... .......... 43% 1004K 0s
   900K .......... .......... .......... .......... .......... 46% 46.3M 0s
   950K .......... .......... .......... .......... .......... 48%  142M 0s
  1000K .......... .......... .......... .......... .......... 51% 81.5M 0s
  1050K .......... .......... .......... .......... .......... 53%  131M 0s
  1100K .......... .......... .......... .......... .......... 56%  132M 0s
  1150K .......... .......... .......... .......... .......... 58% 86.1M 0s
  1200K .......... .......... .......... .......... .......... 61%  134M 0s
  1250K .......... .......... .......... .......... .......... 63%  141M 0s
  1300K .......... .......... .......... .......... .......... 65% 80.4M 0s
  1350K .......... .......... .......... .......... .......... 68%  148M 0s
  1400K .......... .......... .......... .......... .......... 70%  153M 0s
  1450K .......... .......... .......... .......... .......... 73% 81.0M 0s
  1500K .......... .......... .......... .......... .......... 75%  137M 0s
  1550K .......... .......... .......... .......... .......... 78%  137M 0s
  1600K .......... .......... .......... .......... .......... 80%  139M 0s
  1650K .......... .......... .......... .......... .......... 83% 77.5M 0s
  1700K .......... .......... .......... .......... .......... 85%  146M 0s
  1750K .......... .......... .......... .......... .......... 87% 1.06M 0s
  1800K .......... .......... .......... .......... .......... 90% 34.5M 0s
  1850K .......... .......... .......... .......... .......... 92%  129M 0s
  1900K .......... .......... .......... .......... .......... 95%  139M 0s
  1950K .......... .......... .......... .......... .......... 97% 76.5M 0s
  2000K .......... .......... .......... .......... ........  100% 84.0M=0.4s

2019-04-30 19:20:04 (5.17 MB/s) - ‘/dev/null’ saved [2097152]

--2019-04-30 19:20:04--  ftp://bks-speedtest-1.tele2.net/2MB.zip
           => ‘/dev/null’
Resolving bks-speedtest-1.tele2.net (bks-speedtest-1.tele2.net)... 90.130.74.113, 2a00:800:1010:9::2
Connecting to bks-speedtest-1.tele2.net (bks-speedtest-1.tele2.net)|90.130.74.113|:21... connected.
Logging in as anonymous ... Logged in!
==> SYST ... done.    ==> PWD ... done.
==> TYPE I ... done.  ==> CWD not needed.
==> SIZE 2MB.zip ... 2097152
==> PASV ... done.    ==> RETR 2MB.zip ... done.
Length: 2097152 (2.0M) (unauthoritative)

     0K .......... .......... .......... .......... ..........  2%  457K 4s
    50K .......... .......... .......... .......... ..........  4%  941K 3s
   100K .......... .......... .......... .......... ..........  7% 9.96M 2s
   150K .......... .......... .......... .......... ..........  9% 60.5M 2s
   200K .......... .......... .......... .......... .......... 12% 1.01M 2s
   250K .......... .......... .......... .......... .......... 14% 10.8M 1s
   300K .......... .......... .......... .......... .......... 17% 99.9M 1s
   350K .......... .......... .......... .......... .......... 19% 77.3M 1s
   400K .......... .......... .......... .......... .......... 21% 1.04M 1s
   450K .......... .......... .......... .......... .......... 24% 54.9M 1s
   500K .......... .......... .......... .......... .......... 26%  135M 1s
   550K .......... .......... .......... .......... .......... 29% 11.7M 1s
   600K .......... .......... .......... .......... .......... 31%  173M 1s
   650K .......... .......... .......... .......... .......... 34% 67.9M 1s
   700K .......... .......... .......... .......... .......... 36%  139M 0s
   750K .......... .......... .......... .......... .......... 39%  140M 0s
   800K .......... .......... .......... .......... .......... 41% 83.8M 0s
   850K .......... .......... .......... .......... .......... 43% 1.08M 0s
   900K .......... .......... .......... .......... .......... 46% 38.6M 0s
   950K .......... .......... .......... .......... .......... 48%  152M 0s
  1000K .......... .......... .......... .......... .......... 51%  121M 0s
  1050K .......... .......... .......... .......... .......... 53% 78.9M 0s
  1100K .......... .......... .......... .......... .......... 56%  154M 0s
  1150K .......... .......... .......... .......... .......... 58% 16.5M 0s
  1200K .......... .......... .......... .......... .......... 61%  162M 0s
  1250K .......... .......... .......... .......... .......... 63% 77.6M 0s
  1300K .......... .......... .......... .......... .......... 65%  131M 0s
  1350K .......... .......... .......... .......... .......... 68%  165M 0s
  1400K .......... .......... .......... .......... .......... 70% 76.5M 0s
  1450K .......... .......... .......... .......... .......... 73%  144M 0s
  1500K .......... .......... .......... .......... .......... 75%  135M 0s
  1550K .......... .......... .......... .......... .......... 78% 79.6M 0s
  1600K .......... .......... .......... .......... .......... 80%  135M 0s
  1650K .......... .......... .......... .......... .......... 83%  136M 0s
  1700K .......... .......... .......... .......... .......... 85% 80.6M 0s
  1750K .......... .......... .......... .......... .......... 87% 1.16M 0s
  1800K .......... .......... .......... .......... .......... 90% 42.6M 0s
  1850K .......... .......... .......... .......... .......... 92% 63.8M 0s
  1900K .......... .......... .......... .......... .......... 95% 57.0M 0s
  1950K .......... .......... .......... .......... .......... 97%  140M 0s
  2000K .......... .......... .......... .......... ........  100%  157M=0.4s

2019-04-30 19:20:05 (5.29 MB/s) - ‘/dev/null’ saved [2097152]

--2019-04-30 19:20:05--  ftp://bks-speedtest-1.tele2.net/2MB.zip
           => ‘/dev/null’
Resolving bks-speedtest-1.tele2.net (bks-speedtest-1.tele2.net)... 90.130.74.113, 2a00:800:1010:9::2
Connecting to bks-speedtest-1.tele2.net (bks-speedtest-1.tele2.net)|90.130.74.113|:21... connected.
Logging in as anonymous ... Logged in!
==> SYST ... done.    ==> PWD ... done.
==> TYPE I ... done.  ==> CWD not needed.
==> SIZE 2MB.zip ... 2097152
==> PASV ... done.    ==> RETR 2MB.zip ... done.
Length: 2097152 (2.0M) (unauthoritative)

     0K .......... .......... .......... .......... ..........  2%  500K 4s
    50K .......... .......... .......... .......... ..........  4% 1001K 3s
   100K .......... .......... .......... .......... ..........  7% 48.5M 2s
   150K .......... .......... .......... .......... ..........  9% 13.1M 1s
   200K .......... .......... .......... .......... .......... 12% 1.06M 1s
   250K .......... .......... .......... .......... .......... 14% 86.7M 1s
   300K .......... .......... .......... .......... .......... 17% 82.0M 1s
   350K .......... .......... .......... .......... .......... 19%  149M 1s
   400K .......... .......... .......... .......... .......... 21% 1.03M 1s
   450K .......... .......... .......... .......... .......... 24% 47.9M 1s
   500K .......... .......... .......... .......... .......... 26% 71.4M 1s
   550K .......... .......... .......... .......... .......... 29%  126M 1s
   600K .......... .......... .......... .......... .......... 31%  152M 1s
   650K .......... .......... .......... .......... .......... 34%  133M 0s
   700K .......... .......... .......... .......... .......... 36% 77.8M 0s
   750K .......... .......... .......... .......... .......... 39%  182M 0s
   800K .......... .......... .......... .......... .......... 41% 21.6M 0s
   850K .......... .......... .......... .......... .......... 43% 1.11M 0s
   900K .......... .......... .......... .......... .......... 46% 38.0M 0s
   950K .......... .......... .......... .......... .......... 48%  145M 0s
  1000K .......... .......... .......... .......... .......... 51%  158M 0s
  1050K .......... .......... .......... .......... .......... 53%  123M 0s
  1100K .......... .......... .......... .......... .......... 56% 81.8M 0s
  1150K .......... .......... .......... .......... .......... 58%  158M 0s
  1200K .......... .......... .......... .......... .......... 61%  121M 0s
  1250K .......... .......... .......... .......... .......... 63% 78.6M 0s
  1300K .......... .......... .......... .......... .......... 65%  165M 0s
  1350K .......... .......... .......... .......... .......... 68%  133M 0s
  1400K .......... .......... .......... .......... .......... 70% 78.1M 0s
  1450K .......... .......... .......... .......... .......... 73%  146M 0s
  1500K .......... .......... .......... .......... .......... 75%  135M 0s
  1550K .......... .......... .......... .......... .......... 78% 80.3M 0s
  1600K .......... .......... .......... .......... .......... 80%  134M 0s
  1650K .......... .......... .......... .......... .......... 83%  120M 0s
  1700K .......... .......... .......... .......... .......... 85% 87.6M 0s
  1750K .......... .......... .......... .......... .......... 87% 1.18M 0s
  1800K .......... .......... .......... .......... .......... 90% 30.1M 0s
  1850K .......... .......... .......... .......... .......... 92%  122M 0s
  1900K .......... .......... .......... .......... .......... 95%  161M 0s
  1950K .......... .......... .......... .......... .......... 97%  133M 0s
  2000K .......... .......... .......... .......... ........  100% 82.6M=0.4s

2019-04-30 19:20:06 (5.67 MB/s) - ‘/dev/null’ saved [2097152]

--2019-04-30 19:20:06--  ftp://bks-speedtest-1.tele2.net/2MB.zip
           => ‘/dev/null’
Resolving bks-speedtest-1.tele2.net (bks-speedtest-1.tele2.net)... 90.130.74.113, 2a00:800:1010:9::2
Connecting to bks-speedtest-1.tele2.net (bks-speedtest-1.tele2.net)|90.130.74.113|:21... connected.
Logging in as anonymous ... Logged in!
==> SYST ... done.    ==> PWD ... done.
==> TYPE I ... done.  ==> CWD not needed.
==> SIZE 2MB.zip ... 2097152
==> PASV ... done.    ==> RETR 2MB.zip ... done.
Length: 2097152 (2.0M) (unauthoritative)

     0K .......... .......... .......... .......... ..........  2%  512K 4s
    50K .......... .......... .......... .......... ..........  4%  989K 3s
   100K .......... .......... .......... .......... ..........  7% 44.3M 2s
   150K .......... .......... .......... .......... ..........  9% 72.4M 1s
   200K .......... .......... .......... .......... .......... 12% 1009K 1s
   250K .......... .......... .......... .......... .......... 14% 45.0M 1s
   300K .......... .......... .......... .......... .......... 17%  135M 1s
   350K .......... .......... .......... .......... .......... 19%  152M 1s
   400K .......... .......... .......... .......... .......... 21% 1013K 1s
   450K .......... .......... .......... .......... .......... 24%  118M 1s
   500K .......... .......... .......... .......... .......... 26% 74.1M 1s
   550K .......... .......... .......... .......... .......... 29%  143M 1s
   600K .......... .......... .......... .......... .......... 31%  133M 1s
   650K .......... .......... .......... .......... .......... 34% 93.3M 0s
   700K .......... .......... .......... .......... .......... 36%  153M 0s
   750K .......... .......... .......... .......... .......... 39%  133M 0s
   800K .......... .......... .......... .......... .......... 41% 9.55M 0s
   850K .......... .......... .......... .......... .......... 43% 1.14M 0s
   900K .......... .......... .......... .......... .......... 46% 77.9M 0s
   950K .......... .......... .......... .......... .......... 48%  124M 0s
  1000K .......... .......... .......... .......... .......... 51%  158M 0s
  1050K .......... .......... .......... .......... .......... 53% 78.2M 0s
  1100K .......... .......... .......... .......... .......... 56%  135M 0s
  1150K .......... .......... .......... .......... .......... 58%  154M 0s
  1200K .......... .......... .......... .......... .......... 61% 78.1M 0s
  1250K .......... .......... .......... .......... .......... 63%  130M 0s
  1300K .......... .......... .......... .......... .......... 65%  158M 0s
  1350K .......... .......... .......... .......... .......... 68%  134M 0s
  1400K .......... .......... .......... .......... .......... 70% 79.0M 0s
  1450K .......... .......... .......... .......... .......... 73%  141M 0s
  1500K .......... .......... .......... .......... .......... 75%  135M 0s
  1550K .......... .......... .......... .......... .......... 78% 79.0M 0s
  1600K .......... .......... .......... .......... .......... 80%  142M 0s
  1650K .......... .......... .......... .......... .......... 83% 30.9M 0s
  1700K .......... .......... .......... .......... .......... 85% 1.15M 0s
  1750K .......... .......... .......... .......... .......... 87% 85.8M 0s
  1800K .......... .......... .......... .......... .......... 90% 80.7M 0s
  1850K .......... .......... .......... .......... .......... 92%  153M 0s
  1900K .......... .......... .......... .......... .......... 95%  121M 0s
  1950K .......... .......... .......... .......... .......... 97%  159M 0s
  2000K .......... .......... .......... .......... ........  100% 86.1M=0.4s

2019-04-30 19:20:07 (5.63 MB/s) - ‘/dev/null’ saved [2097152]

--2019-04-30 19:20:07--  ftp://bks-speedtest-1.tele2.net/2MB.zip
           => ‘/dev/null’
Resolving bks-speedtest-1.tele2.net (bks-speedtest-1.tele2.net)... 90.130.74.113, 2a00:800:1010:9::2
Connecting to bks-speedtest-1.tele2.net (bks-speedtest-1.tele2.net)|90.130.74.113|:21... connected.
Logging in as anonymous ... Logged in!
==> SYST ... done.    ==> PWD ... done.
==> TYPE I ... done.  ==> CWD not needed.
==> SIZE 2MB.zip ... 2097152
==> PASV ... done.    ==> RETR 2MB.zip ... done.
Length: 2097152 (2.0M) (unauthoritative)

     0K .......... .......... .......... .......... ..........  2%  448K 4s
    50K .......... .......... .......... .......... ..........  4%  931K 3s
   100K .......... .......... .......... .......... ..........  7% 43.6M 2s
   150K .......... .......... .......... .......... ..........  9% 18.9M 2s
   200K .......... .......... .......... .......... .......... 12%  982K 2s
   250K .......... .......... .......... .......... .......... 14% 39.4M 1s
   300K .......... .......... .......... .......... .......... 17%  168M 1s
   350K .......... .......... .......... .......... .......... 19% 25.1M 1s
   400K .......... .......... .......... .......... .......... 21% 1001K 1s
   450K .......... .......... .......... .......... .......... 24% 50.9M 1s
   500K .......... .......... .......... .......... .......... 26% 78.9M 1s
   550K .......... .......... .......... .......... .......... 29% 59.5M 1s
   600K .......... .......... .......... .......... .......... 31%  125M 1s
   650K .......... .......... .......... .......... .......... 34% 86.9M 1s
   700K .......... .......... .......... .......... .......... 36%  162M 0s
   750K .......... .......... .......... .......... .......... 39% 65.0M 0s
   800K .......... .......... .......... .......... .......... 41%  143M 0s
   850K .......... .......... .......... .......... .......... 43% 1006K 0s
   900K .......... .......... .......... .......... .......... 46% 91.1M 0s
   950K .......... .......... .......... .......... .......... 48% 70.9M 0s
  1000K .......... .......... .......... .......... .......... 51%  140M 0s
  1050K .......... .......... .......... .......... .......... 53%  135M 0s
  1100K .......... .......... .......... .......... .......... 56% 83.0M 0s
  1150K .......... .......... .......... .......... .......... 58%  140M 0s
  1200K .......... .......... .......... .......... .......... 61%  135M 0s
  1250K .......... .......... .......... .......... .......... 63% 77.9M 0s
  1300K .......... .......... .......... .......... .......... 65%  143M 0s
  1350K .......... .......... .......... .......... .......... 68%  149M 0s
  1400K .......... .......... .......... .......... .......... 70% 88.7M 0s
  1450K .......... .......... .......... .......... .......... 73%  132M 0s
  1500K .......... .......... .......... .......... .......... 75%  145M 0s
  1550K .......... .......... .......... .......... .......... 78% 78.1M 0s
  1600K .......... .......... .......... .......... .......... 80%  133M 0s
  1650K .......... .......... .......... .......... .......... 83%  143M 0s
  1700K .......... .......... .......... .......... .......... 85% 78.8M 0s
  1750K .......... .......... .......... .......... .......... 87% 1.06M 0s
  1800K .......... .......... .......... .......... .......... 90% 45.9M 0s
  1850K .......... .......... .......... .......... .......... 92%  154M 0s
  1900K .......... .......... .......... .......... .......... 95% 80.2M 0s
  1950K .......... .......... .......... .......... .......... 97%  122M 0s
  2000K .......... .......... .......... .......... ........  100%  167M=0.4s

2019-04-30 19:20:09 (5.20 MB/s) - ‘/dev/null’ saved [2097152]

--2019-04-30 19:20:09--  ftp://bks-speedtest-1.tele2.net/2MB.zip
           => ‘/dev/null’
Resolving bks-speedtest-1.tele2.net (bks-speedtest-1.tele2.net)... 90.130.74.113, 2a00:800:1010:9::2
Connecting to bks-speedtest-1.tele2.net (bks-speedtest-1.tele2.net)|90.130.74.113|:21... connected.
Logging in as anonymous ... Logged in!
==> SYST ... done.    ==> PWD ... done.
==> TYPE I ... done.  ==> CWD not needed.
==> SIZE 2MB.zip ... 2097152
==> PASV ... done.    ==> RETR 2MB.zip ... done.
Length: 2097152 (2.0M) (unauthoritative)

     0K .......... .......... .......... .......... ..........  2%  492K 4s
    50K .......... .......... .......... .......... ..........  4%  985K 3s
   100K .......... .......... .......... .......... ..........  7% 46.4M 2s
   150K .......... .......... .......... .......... ..........  9% 74.1M 1s
   200K .......... .......... .......... .......... .......... 12% 1008K 1s
   250K .......... .......... .......... .......... .......... 14% 58.8M 1s
   300K .......... .......... .......... .......... .......... 17%  134M 1s
   350K .......... .......... .......... .......... .......... 19% 90.8M 1s
   400K .......... .......... .......... .......... .......... 21% 1021K 1s
   450K .......... .......... .......... .......... .......... 24% 83.7M 1s
   500K .......... .......... .......... .......... .......... 26% 75.7M 1s
   550K .......... .......... .......... .......... .......... 29%  156M 1s
   600K .......... .......... .......... .......... .......... 31%  128M 1s
   650K .......... .......... .......... .......... .......... 34% 83.0M 0s
   700K .......... .......... .......... .......... .......... 36%  148M 0s
   750K .......... .......... .......... .......... .......... 39%  146M 0s
   800K .......... .......... .......... .......... .......... 41% 84.9M 0s
   850K .......... .......... .......... .......... .......... 43% 1.04M 0s
   900K .......... .......... .......... .......... .......... 46% 41.0M 0s
   950K .......... .......... .......... .......... .......... 48%  113M 0s
  1000K .......... .......... .......... .......... .......... 51%  172M 0s
  1050K .......... .......... .......... .......... .......... 53%  134M 0s
  1100K .......... .......... .......... .......... .......... 56% 81.5M 0s
  1150K .......... .......... .......... .......... .......... 58%  152M 0s
  1200K .......... .......... .......... .......... .......... 61%  128M 0s
  1250K .......... .......... .......... .......... .......... 63% 78.7M 0s
  1300K .......... .......... .......... .......... .......... 65%  143M 0s
  1350K .......... .......... .......... .......... .......... 68%  146M 0s
  1400K .......... .......... .......... .......... .......... 70% 89.0M 0s
  1450K .......... .......... .......... .......... .......... 73%  134M 0s
  1500K .......... .......... .......... .......... .......... 75%  137M 0s
  1550K .......... .......... .......... .......... .......... 78% 79.6M 0s
  1600K .......... .......... .......... .......... .......... 80%  135M 0s
  1650K .......... .......... .......... .......... .......... 83% 4.61M 0s
  1700K .......... .......... .......... .......... .......... 85% 67.8M 0s
  1750K .......... .......... .......... .......... .......... 87% 1.51M 0s
  1800K .......... .......... .......... .......... .......... 90% 63.0M 0s
  1850K .......... .......... .......... .......... .......... 92% 67.6M 0s
  1900K .......... .......... .......... .......... .......... 95%  137M 0s
  1950K .......... .......... .......... .......... .......... 97% 77.5M 0s
  2000K .......... .......... .......... .......... ........  100%  141M=0.4s

2019-04-30 19:20:10 (5.58 MB/s) - ‘/dev/null’ saved [2097152]

--2019-04-30 19:20:10--  ftp://bks-speedtest-1.tele2.net/2MB.zip
           => ‘/dev/null’
Resolving bks-speedtest-1.tele2.net (bks-speedtest-1.tele2.net)... 90.130.74.113, 2a00:800:1010:9::2
Connecting to bks-speedtest-1.tele2.net (bks-speedtest-1.tele2.net)|90.130.74.113|:21... connected.
Logging in as anonymous ... Logged in!
==> SYST ... done.    ==> PWD ... done.
==> TYPE I ... done.  ==> CWD not needed.
==> SIZE 2MB.zip ... 2097152
==> PASV ... done.    ==> RETR 2MB.zip ... done.
Length: 2097152 (2.0M) (unauthoritative)

     0K .......... .......... .......... .......... ..........  2%  508K 4s
    50K .......... .......... .......... .......... ..........  4%  983K 3s
   100K .......... .......... .......... .......... ..........  7% 67.5M 2s
   150K .......... .......... .......... .......... ..........  9% 49.7M 1s
   200K .......... .......... .......... .......... .......... 12% 1002K 1s
   250K .......... .......... .......... .......... .......... 14%  118M 1s
   300K .......... .......... .......... .......... .......... 17% 76.7M 1s
   350K .......... .......... .......... .......... .......... 19%  127M 1s
   400K .......... .......... .......... .......... .......... 21% 1010K 1s
   450K .......... .......... .......... .......... .......... 24%  108M 1s
   500K .......... .......... .......... .......... .......... 26%  142M 1s
   550K .......... .......... .......... .......... .......... 29% 86.0M 1s
   600K .......... .......... .......... .......... .......... 31%  146M 1s
   650K .......... .......... .......... .......... .......... 34%  164M 0s
   700K .......... .......... .......... .......... .......... 36% 77.8M 0s
   750K .......... .......... .......... .......... .......... 39%  132M 0s
   800K .......... .......... .......... .......... .......... 41% 1.02M 0s
   850K .......... .......... .......... .......... .......... 43% 97.6M 0s
   900K .......... .......... .......... .......... .......... 46% 80.9M 0s
   950K .......... .......... .......... .......... .......... 48%  120M 0s
  1000K .......... .......... .......... .......... .......... 51%  134M 0s
  1050K .......... .......... .......... .......... .......... 53% 67.7M 0s
  1100K .......... .......... .......... .......... .......... 56%  187M 0s
  1150K .......... .......... .......... .......... .......... 58%  113M 0s
  1200K .......... .......... .......... .......... .......... 61% 80.6M 0s
  1250K .......... .......... .......... .......... .......... 63%  157M 0s
  1300K .......... .......... .......... .......... .......... 65%  142M 0s
  1350K .......... .......... .......... .......... .......... 68% 91.3M 0s
  1400K .......... .......... .......... .......... .......... 70%  134M 0s
  1450K .......... .......... .......... .......... .......... 73%  144M 0s
  1500K .......... .......... .......... .......... .......... 75% 75.4M 0s
  1550K .......... .......... .......... .......... .......... 78%  141M 0s
  1600K .......... .......... .......... .......... .......... 80% 1.13M 0s
  1650K .......... .......... .......... .......... .......... 83% 41.0M 0s
  1700K .......... .......... .......... .......... .......... 85%  131M 0s
  1750K .......... .......... .......... .......... .......... 87%  185M 0s
  1800K .......... .......... .......... .......... .......... 90%  121M 0s
  1850K .......... .......... .......... .......... .......... 92% 80.3M 0s
  1900K .......... .......... .......... .......... .......... 95%  168M 0s
  1950K .......... .......... .......... .......... .......... 97%  120M 0s
  2000K .......... .......... .......... .......... ........  100% 86.9M=0.4s

2019-04-30 19:20:11 (5.61 MB/s) - ‘/dev/null’ saved [2097152]

--2019-04-30 19:20:11--  ftp://bks-speedtest-1.tele2.net/2MB.zip
           => ‘/dev/null’
Resolving bks-speedtest-1.tele2.net (bks-speedtest-1.tele2.net)... 90.130.74.113, 2a00:800:1010:9::2
Connecting to bks-speedtest-1.tele2.net (bks-speedtest-1.tele2.net)|90.130.74.113|:21... connected.
Logging in as anonymous ... Logged in!
==> SYST ... done.    ==> PWD ... done.
==> TYPE I ... done.  ==> CWD not needed.
==> SIZE 2MB.zip ... 2097152
==> PASV ... done.    ==> RETR 2MB.zip ... done.
Length: 2097152 (2.0M) (unauthoritative)

     0K .......... .......... .......... .......... ..........  2%  464K 4s
    50K .......... .......... .......... .......... ..........  4%  927K 3s
   100K .......... .......... .......... .......... ..........  7% 45.1M 2s
   150K .......... .......... .......... .......... ..........  9% 76.7M 2s
   200K .......... .......... .......... .......... .......... 12%  941K 2s
   250K .......... .......... .......... .......... .......... 14%  129M 1s
   300K .......... .......... .......... .......... .......... 17% 70.5M 1s
   350K .......... .......... .......... .......... .......... 19%  165M 1s
   400K .......... .......... .......... .......... .......... 21%  965K 1s
   450K .......... .......... .......... .......... .......... 24% 38.2M 1s
   500K .......... .......... .......... .......... .......... 26%  143M 1s
   550K .......... .......... .......... .......... .......... 29%  138M 1s
   600K .......... .......... .......... .......... .......... 31%  144M 1s
   650K .......... .......... .......... .......... .......... 34% 79.3M 1s
   700K .......... .......... .......... .......... .......... 36%  173M 0s
   750K .......... .......... .......... .......... .......... 39%  142M 0s
   800K .......... .......... .......... .......... .......... 41% 76.9M 0s
   850K .......... .......... .......... .......... .......... 43% 1001K 0s
   900K .......... .......... .......... .......... .......... 46% 71.6M 0s
   950K .......... .......... .......... .......... .......... 48% 68.5M 0s
  1000K .......... .......... .......... .......... .......... 51%  143M 0s
  1050K .......... .......... .......... .......... .......... 53% 79.7M 0s
  1100K .......... .......... .......... .......... .......... 56%  126M 0s
  1150K .......... .......... .......... .......... .......... 58%  150M 0s
  1200K .......... .......... .......... .......... .......... 61% 77.7M 0s
  1250K .......... .......... .......... .......... .......... 63%  128M 0s
  1300K .......... .......... .......... .......... .......... 65%  148M 0s
  1350K .......... .......... .......... .......... .......... 68%  128M 0s
  1400K .......... .......... .......... .......... .......... 70% 86.8M 0s
  1450K .......... .......... .......... .......... .......... 73%  143M 0s
  1500K .......... .......... .......... .......... .......... 75%  130M 0s
  1550K .......... .......... .......... .......... .......... 78% 71.4M 0s
  1600K .......... .......... .......... .......... .......... 80%  170M 0s
  1650K .......... .......... .......... .......... .......... 83%  133M 0s
  1700K .......... .......... .......... .......... .......... 85% 82.3M 0s
  1750K .......... .......... .......... .......... .......... 87% 1.05M 0s
  1800K .......... .......... .......... .......... .......... 90%  112M 0s
  1850K .......... .......... .......... .......... .......... 92%  130M 0s
  1900K .......... .......... .......... .......... .......... 95% 79.6M 0s
  1950K .......... .......... .......... .......... .......... 97%  133M 0s
  2000K .......... .......... .......... .......... ........  100%  147M=0.4s

2019-04-30 19:20:12 (5.26 MB/s) - ‘/dev/null’ saved [2097152]

--2019-04-30 19:20:12--  ftp://bks-speedtest-1.tele2.net/2MB.zip
           => ‘/dev/null’
Resolving bks-speedtest-1.tele2.net (bks-speedtest-1.tele2.net)... 90.130.74.113, 2a00:800:1010:9::2
Connecting to bks-speedtest-1.tele2.net (bks-speedtest-1.tele2.net)|90.130.74.113|:21... connected.
Logging in as anonymous ... Logged in!
==> SYST ... done.    ==> PWD ... done.
==> TYPE I ... done.  ==> CWD not needed.
==> SIZE 2MB.zip ... 2097152
==> PASV ... done.    ==> RETR 2MB.zip ... done.
Length: 2097152 (2.0M) (unauthoritative)

     0K .......... .......... .......... .......... ..........  2%  459K 4s
    50K .......... .......... .......... .......... ..........  4%  927K 3s
   100K .......... .......... .......... .......... ..........  7% 6.20M 2s
   150K .......... .......... .......... .......... ..........  9% 65.9M 2s
   200K .......... .......... .......... .......... .......... 12% 1.05M 2s
   250K .......... .......... .......... .......... .......... 14% 79.5M 1s
   300K .......... .......... .......... .......... .......... 17% 6.67M 1s
   350K .......... .......... .......... .......... .......... 19%  130M 1s
   400K .......... .......... .......... .......... .......... 21% 1.09M 1s
   450K .......... .......... .......... .......... .......... 24% 35.1M 1s
   500K .......... .......... .......... .......... .......... 26%  191M 1s
   550K .......... .......... .......... .......... .......... 29% 50.6M 1s
   600K .......... .......... .......... .......... .......... 31% 9.80M 1s
   650K .......... .......... .......... .......... .......... 34% 28.0M 1s
   700K .......... .......... .......... .......... .......... 36%  145M 0s
   750K .......... .......... .......... .......... .......... 39%  136M 0s
   800K .......... .......... .......... .......... .......... 41% 82.4M 0s
   850K .......... .......... .......... .......... .......... 43% 1.12M 0s
   900K .......... .......... .......... .......... .......... 46% 42.9M 0s
   950K .......... .......... .......... .......... .......... 48% 69.6M 0s
  1000K .......... .......... .......... .......... .......... 51% 69.9M 0s
  1050K .......... .......... .......... .......... .......... 53%  169M 0s
  1100K .......... .......... .......... .......... .......... 56%  136M 0s
  1150K .......... .......... .......... .......... .......... 58% 77.0M 0s
  1200K .......... .......... .......... .......... .......... 61%  140M 0s
  1250K .......... .......... .......... .......... .......... 63% 13.6M 0s
  1300K .......... .......... .......... .......... .......... 65% 29.7M 0s
  1350K .......... .......... .......... .......... .......... 68%  143M 0s
  1400K .......... .......... .......... .......... .......... 70%  139M 0s
  1450K .......... .......... .......... .......... .......... 73%  144M 0s
  1500K .......... .......... .......... .......... .......... 75% 78.5M 0s
  1550K .......... .......... .......... .......... .......... 78%  139M 0s
  1600K .......... .......... .......... .......... .......... 80%  128M 0s
  1650K .......... .......... .......... .......... .......... 83% 81.6M 0s
  1700K .......... .......... .......... .......... .......... 85%  139M 0s
  1750K .......... .......... .......... .......... .......... 87% 1.16M 0s
  1800K .......... .......... .......... .......... .......... 90%  172M 0s
  1850K .......... .......... .......... .......... .......... 92%  120M 0s
  1900K .......... .......... .......... .......... .......... 95% 76.9M 0s
  1950K .......... .......... .......... .......... .......... 97%  110M 0s
  2000K .......... .......... .......... .......... ........  100% 97.3M=0.4s

2019-04-30 19:20:13 (5.23 MB/s) - ‘/dev/null’ saved [2097152]

